2025-07-08 14:19:38 - INFO - Feature store created at artifact/2025-07-08 14:19:29.584098/data_ingestion/feature_store/feature_store.csv
2025-07-08 14:19:38 - INFO - Data read from MongoDB and stored in feature store.
2025-07-08 14:19:38 - INFO - Train and test data split with ratio 0.2
2025-07-08 14:19:38 - INFO - Train data shape: (8844, 31), Test data shape: (2211, 31)
2025-07-08 14:19:38 - INFO - Train and test data directories created at artifact/2025-07-08 14:19:29.584098/data_ingestion/ingested
2025-07-08 14:19:38 - INFO - Train and test data saved to artifact/2025-07-08 14:19:29.584098/data_ingestion/ingested/train.csv and artifact/2025-07-08 14:19:29.584098/data_ingestion/ingested/test.csv
2025-07-08 14:19:38 - INFO - Data ingestion completed successfully.
2025-07-08 14:19:38 - INFO - Drift report generated at {'having_IP_Address': {'is_found': False, 'p_value': np.float64(1.0)}, 'URL_Length': {'is_found': False, 'p_value': np.float64(0.9999971010402764)}, 'Shortining_Service': {'is_found': False, 'p_value': np.float64(1.0)}, 'having_At_Symbol': {'is_found': False, 'p_value': np.float64(1.0)}, 'double_slash_redirecting': {'is_found': False, 'p_value': np.float64(0.9999999998789996)}, 'Prefix_Suffix': {'is_found': False, 'p_value': np.float64(0.9995152509457711)}, 'having_Sub_Domain': {'is_found': False, 'p_value': np.float64(0.9999999999598222)}, 'SSLfinal_State': {'is_found': False, 'p_value': np.float64(0.45991477918984003)}, 'Domain_registeration_length': {'is_found': False, 'p_value': np.float64(0.9958579353974752)}, 'Favicon': {'is_found': False, 'p_value': np.float64(1.0)}, 'port': {'is_found': False, 'p_value': np.float64(1.0)}, 'HTTPS_token': {'is_found': False, 'p_value': np.float64(1.0)}, 'Request_URL': {'is_found': False, 'p_value': np.float64(0.2689286131324479)}, 'URL_of_Anchor': {'is_found': False, 'p_value': np.float64(0.9997752665277037)}, 'Links_in_tags': {'is_found': False, 'p_value': np.float64(0.9995152509457711)}, 'SFH': {'is_found': False, 'p_value': np.float64(1.0)}, 'Submitting_to_email': {'is_found': False, 'p_value': np.float64(0.9999953843756324)}, 'Abnormal_URL': {'is_found': False, 'p_value': np.float64(1.0)}, 'Redirect': {'is_found': False, 'p_value': np.float64(1.0)}, 'on_mouseover': {'is_found': False, 'p_value': np.float64(0.9999999999598222)}, 'RightClick': {'is_found': False, 'p_value': np.float64(1.0)}, 'popUpWidnow': {'is_found': False, 'p_value': np.float64(0.9999999991050752)}, 'Iframe': {'is_found': False, 'p_value': np.float64(1.0)}, 'age_of_domain': {'is_found': False, 'p_value': np.float64(0.9914952304622426)}, 'DNSRecord': {'is_found': False, 'p_value': np.float64(1.0)}, 'web_traffic': {'is_found': False, 'p_value': np.float64(0.5733052694150307)}, 'Page_Rank': {'is_found': False, 'p_value': np.float64(0.9876237011526984)}, 'Google_Index': {'is_found': False, 'p_value': np.float64(0.9999953843756324)}, 'Links_pointing_to_page': {'is_found': False, 'p_value': np.float64(0.9996208033369954)}, 'Statistical_report': {'is_found': False, 'p_value': np.float64(1.0)}, 'Result': {'is_found': False, 'p_value': np.float64(0.9086653866244705)}}
2025-07-08 14:19:38 - INFO - Train data validation successful
2025-07-08 14:19:38 - INFO - Train data validation successful
2025-07-08 14:19:38 - INFO - Data validation completed
2025-07-08 14:19:38 - ERROR - Error occurred in script: /home/sarfraz/foxtek/mlproj2/main.py at line number: 20 with error message: module 'Network_security.constant.training_pipeline.consts' has no attribute 'PREPROCESSING_OBJECT_FILE_NAME'
2025-07-08 14:23:08 - INFO - Feature store created at artifact/2025-07-08 14:22:59.387815/data_ingestion/feature_store/feature_store.csv
2025-07-08 14:23:08 - INFO - Data read from MongoDB and stored in feature store.
2025-07-08 14:23:08 - INFO - Train and test data split with ratio 0.2
2025-07-08 14:23:08 - INFO - Train data shape: (8844, 31), Test data shape: (2211, 31)
2025-07-08 14:23:08 - INFO - Train and test data directories created at artifact/2025-07-08 14:22:59.387815/data_ingestion/ingested
2025-07-08 14:23:08 - INFO - Train and test data saved to artifact/2025-07-08 14:22:59.387815/data_ingestion/ingested/train.csv and artifact/2025-07-08 14:22:59.387815/data_ingestion/ingested/test.csv
2025-07-08 14:23:08 - INFO - Data ingestion completed successfully.
2025-07-08 14:23:08 - INFO - Drift report generated at {'having_IP_Address': {'is_found': False, 'p_value': np.float64(1.0)}, 'URL_Length': {'is_found': False, 'p_value': np.float64(0.9999971010402764)}, 'Shortining_Service': {'is_found': False, 'p_value': np.float64(1.0)}, 'having_At_Symbol': {'is_found': False, 'p_value': np.float64(1.0)}, 'double_slash_redirecting': {'is_found': False, 'p_value': np.float64(0.9999999998789996)}, 'Prefix_Suffix': {'is_found': False, 'p_value': np.float64(0.9995152509457711)}, 'having_Sub_Domain': {'is_found': False, 'p_value': np.float64(0.9999999999598222)}, 'SSLfinal_State': {'is_found': False, 'p_value': np.float64(0.45991477918984003)}, 'Domain_registeration_length': {'is_found': False, 'p_value': np.float64(0.9958579353974752)}, 'Favicon': {'is_found': False, 'p_value': np.float64(1.0)}, 'port': {'is_found': False, 'p_value': np.float64(1.0)}, 'HTTPS_token': {'is_found': False, 'p_value': np.float64(1.0)}, 'Request_URL': {'is_found': False, 'p_value': np.float64(0.2689286131324479)}, 'URL_of_Anchor': {'is_found': False, 'p_value': np.float64(0.9997752665277037)}, 'Links_in_tags': {'is_found': False, 'p_value': np.float64(0.9995152509457711)}, 'SFH': {'is_found': False, 'p_value': np.float64(1.0)}, 'Submitting_to_email': {'is_found': False, 'p_value': np.float64(0.9999953843756324)}, 'Abnormal_URL': {'is_found': False, 'p_value': np.float64(1.0)}, 'Redirect': {'is_found': False, 'p_value': np.float64(1.0)}, 'on_mouseover': {'is_found': False, 'p_value': np.float64(0.9999999999598222)}, 'RightClick': {'is_found': False, 'p_value': np.float64(1.0)}, 'popUpWidnow': {'is_found': False, 'p_value': np.float64(0.9999999991050752)}, 'Iframe': {'is_found': False, 'p_value': np.float64(1.0)}, 'age_of_domain': {'is_found': False, 'p_value': np.float64(0.9914952304622426)}, 'DNSRecord': {'is_found': False, 'p_value': np.float64(1.0)}, 'web_traffic': {'is_found': False, 'p_value': np.float64(0.5733052694150307)}, 'Page_Rank': {'is_found': False, 'p_value': np.float64(0.9876237011526984)}, 'Google_Index': {'is_found': False, 'p_value': np.float64(0.9999953843756324)}, 'Links_pointing_to_page': {'is_found': False, 'p_value': np.float64(0.9996208033369954)}, 'Statistical_report': {'is_found': False, 'p_value': np.float64(1.0)}, 'Result': {'is_found': False, 'p_value': np.float64(0.9086653866244705)}}
2025-07-08 14:23:08 - INFO - Train data validation successful
2025-07-08 14:23:08 - INFO - Train data validation successful
2025-07-08 14:23:08 - INFO - Data validation completed
2025-07-08 14:23:08 - INFO - Initiating data transformation
2025-07-08 14:23:08 - INFO - Data transformation completed
2025-07-08 14:23:08 - ERROR - Error occurred in script: /home/sarfraz/foxtek/mlproj2/Network_security/components/data_tranformer.py at line number: 63 with error message: save_object() missing 1 required positional argument: 'obj'
2025-07-08 14:23:08 - ERROR - Error occurred in script: /home/sarfraz/foxtek/mlproj2/main.py at line number: 22 with error message: Error occurred in script: /home/sarfraz/foxtek/mlproj2/Network_security/components/data_tranformer.py at line number: 63 with error message: save_object() missing 1 required positional argument: 'obj'
2025-07-08 14:25:48 - INFO - Feature store created at artifact/2025-07-08 14:25:30.768895/data_ingestion/feature_store/feature_store.csv
2025-07-08 14:25:48 - INFO - Data read from MongoDB and stored in feature store.
2025-07-08 14:25:48 - INFO - Train and test data split with ratio 0.2
2025-07-08 14:25:48 - INFO - Train data shape: (8844, 31), Test data shape: (2211, 31)
2025-07-08 14:25:48 - INFO - Train and test data directories created at artifact/2025-07-08 14:25:30.768895/data_ingestion/ingested
2025-07-08 14:25:48 - INFO - Train and test data saved to artifact/2025-07-08 14:25:30.768895/data_ingestion/ingested/train.csv and artifact/2025-07-08 14:25:30.768895/data_ingestion/ingested/test.csv
2025-07-08 14:25:48 - INFO - Data ingestion completed successfully.
2025-07-08 14:25:48 - INFO - Drift report generated at {'having_IP_Address': {'is_found': False, 'p_value': np.float64(1.0)}, 'URL_Length': {'is_found': False, 'p_value': np.float64(0.9999971010402764)}, 'Shortining_Service': {'is_found': False, 'p_value': np.float64(1.0)}, 'having_At_Symbol': {'is_found': False, 'p_value': np.float64(1.0)}, 'double_slash_redirecting': {'is_found': False, 'p_value': np.float64(0.9999999998789996)}, 'Prefix_Suffix': {'is_found': False, 'p_value': np.float64(0.9995152509457711)}, 'having_Sub_Domain': {'is_found': False, 'p_value': np.float64(0.9999999999598222)}, 'SSLfinal_State': {'is_found': False, 'p_value': np.float64(0.45991477918984003)}, 'Domain_registeration_length': {'is_found': False, 'p_value': np.float64(0.9958579353974752)}, 'Favicon': {'is_found': False, 'p_value': np.float64(1.0)}, 'port': {'is_found': False, 'p_value': np.float64(1.0)}, 'HTTPS_token': {'is_found': False, 'p_value': np.float64(1.0)}, 'Request_URL': {'is_found': False, 'p_value': np.float64(0.2689286131324479)}, 'URL_of_Anchor': {'is_found': False, 'p_value': np.float64(0.9997752665277037)}, 'Links_in_tags': {'is_found': False, 'p_value': np.float64(0.9995152509457711)}, 'SFH': {'is_found': False, 'p_value': np.float64(1.0)}, 'Submitting_to_email': {'is_found': False, 'p_value': np.float64(0.9999953843756324)}, 'Abnormal_URL': {'is_found': False, 'p_value': np.float64(1.0)}, 'Redirect': {'is_found': False, 'p_value': np.float64(1.0)}, 'on_mouseover': {'is_found': False, 'p_value': np.float64(0.9999999999598222)}, 'RightClick': {'is_found': False, 'p_value': np.float64(1.0)}, 'popUpWidnow': {'is_found': False, 'p_value': np.float64(0.9999999991050752)}, 'Iframe': {'is_found': False, 'p_value': np.float64(1.0)}, 'age_of_domain': {'is_found': False, 'p_value': np.float64(0.9914952304622426)}, 'DNSRecord': {'is_found': False, 'p_value': np.float64(1.0)}, 'web_traffic': {'is_found': False, 'p_value': np.float64(0.5733052694150307)}, 'Page_Rank': {'is_found': False, 'p_value': np.float64(0.9876237011526984)}, 'Google_Index': {'is_found': False, 'p_value': np.float64(0.9999953843756324)}, 'Links_pointing_to_page': {'is_found': False, 'p_value': np.float64(0.9996208033369954)}, 'Statistical_report': {'is_found': False, 'p_value': np.float64(1.0)}, 'Result': {'is_found': False, 'p_value': np.float64(0.9086653866244705)}}
2025-07-08 14:25:48 - INFO - Train data validation successful
2025-07-08 14:25:48 - INFO - Train data validation successful
2025-07-08 14:25:48 - INFO - Data validation completed
2025-07-08 14:25:48 - INFO - Initiating data transformation
2025-07-08 14:25:48 - INFO - Data transformation completed
2025-07-08 14:27:27 - INFO - Feature store created at artifact/2025-07-08 14:27:17.214367/data_ingestion/feature_store/feature_store.csv
2025-07-08 14:27:27 - INFO - Data read from MongoDB and stored in feature store.
2025-07-08 14:27:27 - INFO - Train and test data split with ratio 0.2
2025-07-08 14:27:27 - INFO - Train data shape: (8844, 31), Test data shape: (2211, 31)
2025-07-08 14:27:27 - INFO - Train and test data directories created at artifact/2025-07-08 14:27:17.214367/data_ingestion/ingested
2025-07-08 14:27:27 - INFO - Train and test data saved to artifact/2025-07-08 14:27:17.214367/data_ingestion/ingested/train.csv and artifact/2025-07-08 14:27:17.214367/data_ingestion/ingested/test.csv
2025-07-08 14:27:27 - INFO - Data ingestion completed successfully.
2025-07-08 14:27:27 - INFO - Drift report generated at {'having_IP_Address': {'is_found': False, 'p_value': np.float64(1.0)}, 'URL_Length': {'is_found': False, 'p_value': np.float64(0.9999971010402764)}, 'Shortining_Service': {'is_found': False, 'p_value': np.float64(1.0)}, 'having_At_Symbol': {'is_found': False, 'p_value': np.float64(1.0)}, 'double_slash_redirecting': {'is_found': False, 'p_value': np.float64(0.9999999998789996)}, 'Prefix_Suffix': {'is_found': False, 'p_value': np.float64(0.9995152509457711)}, 'having_Sub_Domain': {'is_found': False, 'p_value': np.float64(0.9999999999598222)}, 'SSLfinal_State': {'is_found': False, 'p_value': np.float64(0.45991477918984003)}, 'Domain_registeration_length': {'is_found': False, 'p_value': np.float64(0.9958579353974752)}, 'Favicon': {'is_found': False, 'p_value': np.float64(1.0)}, 'port': {'is_found': False, 'p_value': np.float64(1.0)}, 'HTTPS_token': {'is_found': False, 'p_value': np.float64(1.0)}, 'Request_URL': {'is_found': False, 'p_value': np.float64(0.2689286131324479)}, 'URL_of_Anchor': {'is_found': False, 'p_value': np.float64(0.9997752665277037)}, 'Links_in_tags': {'is_found': False, 'p_value': np.float64(0.9995152509457711)}, 'SFH': {'is_found': False, 'p_value': np.float64(1.0)}, 'Submitting_to_email': {'is_found': False, 'p_value': np.float64(0.9999953843756324)}, 'Abnormal_URL': {'is_found': False, 'p_value': np.float64(1.0)}, 'Redirect': {'is_found': False, 'p_value': np.float64(1.0)}, 'on_mouseover': {'is_found': False, 'p_value': np.float64(0.9999999999598222)}, 'RightClick': {'is_found': False, 'p_value': np.float64(1.0)}, 'popUpWidnow': {'is_found': False, 'p_value': np.float64(0.9999999991050752)}, 'Iframe': {'is_found': False, 'p_value': np.float64(1.0)}, 'age_of_domain': {'is_found': False, 'p_value': np.float64(0.9914952304622426)}, 'DNSRecord': {'is_found': False, 'p_value': np.float64(1.0)}, 'web_traffic': {'is_found': False, 'p_value': np.float64(0.5733052694150307)}, 'Page_Rank': {'is_found': False, 'p_value': np.float64(0.9876237011526984)}, 'Google_Index': {'is_found': False, 'p_value': np.float64(0.9999953843756324)}, 'Links_pointing_to_page': {'is_found': False, 'p_value': np.float64(0.9996208033369954)}, 'Statistical_report': {'is_found': False, 'p_value': np.float64(1.0)}, 'Result': {'is_found': False, 'p_value': np.float64(0.9086653866244705)}}
2025-07-08 14:27:27 - INFO - Train data validation successful
2025-07-08 14:27:27 - INFO - Train data validation successful
2025-07-08 14:27:27 - INFO - Data validation completed
2025-07-08 14:27:27 - INFO - Initiating data transformation
2025-07-08 14:27:27 - INFO - Data transformation completed
2025-07-08 14:27:27 - INFO - Data transformation artifact created: DataTransformationArtifact(transformed_train_file_path='artifact/2025-07-08 14:27:17.214367/data_transformation/transformed/train.npy', transformed_test_file_path='artifact/2025-07-08 14:27:17.214367/data_transformation/transformed/test.npy', data_transformation_object_file_path='artifact/2025-07-08 14:27:17.214367/data_transformation/transformed_object/preprocessing_object.pkl')
